1024 688 928 14512 26496 1920 112 336 352 416 31 46 65 1218 
688 1024 
928 1024 
14512 1024 
26496 1024 
1920 1024 
112 1024 
336 1024 
352 1024 
416 1024 
31 1024 65 22191 120703 199999 751263 831 111 431 46 301 
46 1024 94 6510 301 92 31 
65 161 417 1024 31 1218 2099 
161 65 
417 65 
1218 66 13122 161010 13810 210 65 1024 2099 404 
66 1218 
13122 1218 
161010 1218 
13810 1218 
210 1218 
2099 835 67 211 419 1218 65 404 50101 
835 2099 
67 2099 
211 2099 
419 2099 
404 2099 1218 50101 90214 
50101 213 404 2099 90214 8311 
213 50101 
90214 831110 214 50101 404 8311 440 
831110 90214 
214 90214 
8311 55 439 90214 50101 440 31913 
55 8311 
439 8311 
440 1992 1048 616 1080 2024 120 344 8311 90214 31913 42 
1992 440 
1048 440 
616 440 
1080 440 
2024 440 
120 440 
344 440 
31913 440 8311 42 8107 
42 1610 138 61610 92810 314 31913 440 8107 92 
1610 42 
138 42 
61610 42 
92810 42 
314 42 
8107 96283 91 42 31913 92 301 
96283 8107 
91 8107 
92 8107 42 301 46 
301 829 92 8107 46 31 
829 301 
94 46 
6510 46 
22191 31 
120703 31 
199999 31 
751263 31 
831 31 
111 31 
431 31 
